<component name="libraryTable">
  <library name="junit.jupiter.api" type="repository">
    <properties maven-id="org.junit.jupiter:junit-jupiter-api:5.8.1" />
    <CLASSES>
      <root url="jar://$PROJECT_DIR$/lib/junit-jupiter-api-5.8.1.jar!/" />
      <root url="jar://$PROJECT_DIR$/lib/opentest4j-1.2.0.jar!/" />
      <root url="jar://$PROJECT_DIR$/lib/junit-platform-commons-1.8.1.jar!/" />
      <root url="jar://$PROJECT_DIR$/lib/apiguardian-api-1.1.2.jar!/" />
    </CLASSES>
    <JAVADOC />
    <SOURCES />
  </library>
</component>